<?xml version="1.0" encoding="UTF-8"?>
<!-- Generated by org.testng.reporters.JUnitReportReporter -->
<testsuite skipped="0" hostname="PUNITP143902L" name="runner.TestRunner" tests="2" failures="0" timestamp="04 Feb 2018 13:23:14 GMT" time="200.865" errors="0">
  <testcase name="feature" time="85.624" classname="runner.TestRunner"/>
  <testcase name="feature" time="115.241" classname="runner.TestRunner"/>
</testsuite> <!-- runner.TestRunner -->
